TN:
SF:Catalogue.js
FN:2,School
FN:7,get name
FN:10,get level
FN:13,get numberOfStudents
FN:16,set numberOfStudents
FN:24,quickFacts
FN:29,pickSubstituteTeacher
FN:37,Primary
FN:41,get pickupPolicy
FN:47,Middle
FN:53,High
FN:57,get sportsTeams
FNF:12
FNH:11
FNDA:3,School
FNDA:3,get name
FNDA:1,get level
FNDA:5,get numberOfStudents
FNDA:1,set numberOfStudents
FNDA:3,quickFacts
FNDA:2,pickSubstituteTeacher
FNDA:1,Primary
FNDA:1,get pickupPolicy
FNDA:0,Middle
FNDA:1,High
FNDA:1,get sportsTeams
DA:1,1
DA:2,1
DA:3,3
DA:4,3
DA:5,3
DA:6,3
DA:7,1
DA:8,3
DA:9,3
DA:10,1
DA:11,1
DA:12,1
DA:13,1
DA:14,5
DA:15,5
DA:16,1
DA:17,1
DA:18,0
DA:19,0
DA:20,0
DA:21,0
DA:22,1
DA:23,1
DA:24,1
DA:25,3
DA:26,3
DA:27,3
DA:28,3
DA:29,1
DA:30,2
DA:31,2
DA:32,2
DA:33,2
DA:34,1
DA:35,1
DA:36,1
DA:37,1
DA:38,1
DA:39,1
DA:40,1
DA:41,1
DA:42,1
DA:43,1
DA:44,1
DA:45,1
DA:46,1
DA:47,1
DA:48,0
DA:49,0
DA:50,1
DA:51,1
DA:52,1
DA:53,1
DA:54,1
DA:55,1
DA:56,1
DA:57,1
DA:58,1
DA:59,1
DA:60,1
DA:61,1
DA:62,1
DA:63,1
DA:64,1
DA:65,1
DA:66,1
LF:66
LH:60
BRDA:2,0,0,3
BRDA:7,1,0,3
BRDA:10,2,0,1
BRDA:13,3,0,5
BRDA:16,4,0,1
BRDA:17,5,0,0
BRDA:24,6,0,3
BRDA:29,7,0,2
BRDA:37,8,0,1
BRDA:41,9,0,1
BRDA:53,10,0,1
BRDA:57,11,0,1
BRF:12
BRH:11
end_of_record
